Expression[5] : 2.5 + (-5) - (-3) + 2 - 10 +  = 150


Expression[2] : 23.65+(-12.15)=-11.5


Expression[4] : 2.5/(-3)/4/(-1) = 30


Expression[5] : 2.5 + (-5) - (-3) + 2 - 10 +  = 150


Expression[2] : 23.65+(-12.15)=-11.5


Expression[4] : 2.5/(-3)/4/(-1) = 30


Expression[5] : 2.5 * (-5) + (-3) + 2 + 10 +  = 150


Expression[2] : 23.65+(-12.15)=-11.5


Expression[4] : 2.5/(-3)/4/(-1) = 30


Expression[5] : (2.5 + (-5) * (-3) * 2 * 10 *  = 150


Expression[2] : 23.65+(-12.15)=-11.5


Expression[4] : 2.5/(-3)/4/(-1) = 30


Expression[5] : (2.5 + -5) * (-3) * 2 * 10 *  = 150


Expression[2] : 23.65+(-12.15)=-11.5


Expression[4] : 2.5/(-3)/4/(-1) = 30


Expression[5] : (2.5 + (-5)) * (-3) * 2 * 10 *  = 150


Expression[2] : 23.65+(-12.15)=-11.5


Expression[4] : 2.5/(-3)/4/(-1) = 30


Expression[5] : (2.5 + (-5)) * (-3) * 2 * 10 *  = 150


Expression[2] : 23.65-(-12.15)=-11.5


Expression[4] : 2.5*(-3)*4*(-1) = 30


